This is pdfTeX, Version 3.1415926-2.5-1.40.14 (MiKTeX 2.9) (preloaded format=latex 2014.5.15)  5 DEC 2016 10:46
entering extended mode
**principal_relatorio.tex

(D:\Eduardo\UnB\Orientacoes\templates\tex_templates\modelo-tcc-tg\modelo-latex\
principal_relatorio.tex
LaTeX2e <2014/05/01>
Babel <v3.8m> and hyphenation patterns for english, afrikaans, ancientgreek, ar
abic, armenian, assamese, basque, bengali, bokmal, bulgarian, catalan, coptic, 
croatian, czech, danish, dutch, esperanto, estonian, farsi, finnish, french, ga
lician, german, german-x-2013-05-26, greek, gujarati, hindi, hungarian, iceland
ic, indonesian, interlingua, irish, italian, kannada, kurmanji, latin, latvian,
 lithuanian, malayalam, marathi, mongolian, mongolianlmc, monogreek, ngerman, n
german-x-2013-05-26, nynorsk, oriya, panjabi, pinyin, polish, portuguese, roman
ian, russian, sanskrit, serbian, slovak, slovenian, spanish, swedish, swissgerm
an, tamil, telugu, turkish, turkmen, ukenglish, ukrainian, uppersorbian, usengl
ishmax, welsh, loaded.
("C:\Program Files (x86)\MiKTeX 2.9\tex\latex\base\book.cls"
Document Class: book 2007/10/19 v1.4h Standard LaTeX document class
("C:\Program Files (x86)\MiKTeX 2.9\tex\latex\base\bk11.clo"
File: bk11.clo 2007/10/19 v1.4h Standard LaTeX file (size option)
)
\c@part=\count79
\c@chapter=\count80
\c@section=\count81
\c@subsection=\count82
\c@subsubsection=\count83
\c@paragraph=\count84
\c@subparagraph=\count85
\c@figure=\count86
\c@table=\count87
\abovecaptionskip=\skip41
\belowcaptionskip=\skip42
\bibindent=\dimen102
)
("C:\Program Files (x86)\MiKTeX 2.9\tex\latex\base\fontenc.sty"
Package: fontenc 2005/09/27 v1.99g Standard LaTeX package

("C:\Program Files (x86)\MiKTeX 2.9\tex\latex\base\t1enc.def"
File: t1enc.def 2005/09/27 v1.99g Standard LaTeX file
LaTeX Font Info:    Redeclaring font encoding T1 on input line 43.
))
("C:\Program Files (x86)\MiKTeX 2.9\tex\generic\babel\babel.sty"
Package: babel 2008/07/08 v3.8m The Babel package

*************************************
* Local config file bblopts.cfg used
*
("C:\Program Files (x86)\MiKTeX 2.9\tex\latex\00miktex\bblopts.cfg"
File: bblopts.cfg 2006/07/31 v1.0 MiKTeX 'babel' configuration
)
("C:\Program Files (x86)\MiKTeX 2.9\tex\generic\babel\portuges.ldf"
Language: portuges 2008/03/18 v1.2q Portuguese support from the babel system

("C:\Program Files (x86)\MiKTeX 2.9\tex\generic\babel\babel.def"
File: babel.def 2008/07/08 v3.8m Babel common definitions
\babel@savecnt=\count88
\U@D=\dimen103
)
\l@brazilian = a dialect from \language\l@portuges 
Package babel Info: Making " an active character on input line 145.
))
("C:\Program Files (x86)\MiKTeX 2.9\tex\latex\graphics\epsfig.sty"
Package: epsfig 1999/02/16 v1.7a (e)psfig emulation (SPQR)

("C:\Program Files (x86)\MiKTeX 2.9\tex\latex\graphics\graphicx.sty"
Package: graphicx 2014/04/25 v1.0g Enhanced LaTeX Graphics (DPC,SPQR)

("C:\Program Files (x86)\MiKTeX 2.9\tex\latex\graphics\keyval.sty"
Package: keyval 2014/04/25 v1.14 key=value parser (DPC)
\KV@toks@=\toks14
)
("C:\Program Files (x86)\MiKTeX 2.9\tex\latex\graphics\graphics.sty"
Package: graphics 2009/02/05 v1.0o Standard LaTeX Graphics (DPC,SPQR)

("C:\Program Files (x86)\MiKTeX 2.9\tex\latex\graphics\trig.sty"
Package: trig 1999/03/16 v1.09 sin cos tan (DPC)
)
("C:\Program Files (x86)\MiKTeX 2.9\tex\latex\00miktex\graphics.cfg"
File: graphics.cfg 2007/01/18 v1.5 graphics configuration of teTeX/TeXLive
)
Package graphics Info: Driver file: dvips.def on input line 91.

("C:\Program Files (x86)\MiKTeX 2.9\tex\latex\graphics\dvips.def"
File: dvips.def 2014/04/23 v3.0j Driver-dependant file (DPC,SPQR)
))
\Gin@req@height=\dimen104
\Gin@req@width=\dimen105
)
\epsfxsize=\dimen106
\epsfysize=\dimen107
)
("C:\Program Files (x86)\MiKTeX 2.9\tex\latex\subfigure\subfigure.sty"
Package: subfigure 2002/07/30 v2.1.4 subfigure package
\subfigtopskip=\skip43
\subfigcapskip=\skip44
\subfigcaptopadj=\dimen108
\subfigbottomskip=\skip45
\subfigcapmargin=\dimen109
\subfiglabelskip=\skip46
\c@subfigure=\count89
\c@lofdepth=\count90
\c@subtable=\count91
\c@lotdepth=\count92

****************************************
* Local config file subfigure.cfg used *
****************************************
("C:\Program Files (x86)\MiKTeX 2.9\tex\latex\subfigure\subfigure.cfg")
\subfig@top=\skip47
\subfig@bottom=\skip48
)
("C:\Program Files (x86)\MiKTeX 2.9\tex\latex\amsfonts\amsfonts.sty"
Package: amsfonts 2013/01/14 v3.01 Basic AMSFonts support
\@emptytoks=\toks15
\symAMSa=\mathgroup4
\symAMSb=\mathgroup5
LaTeX Font Info:    Overwriting math alphabet `\mathfrak' in version `bold'
(Font)                  U/euf/m/n --> U/euf/b/n on input line 106.
)
("C:\Program Files (x86)\MiKTeX 2.9\tex\latex\amsmath\amsmath.sty"
Package: amsmath 2013/01/14 v2.14 AMS math features
\@mathmargin=\skip49

For additional information on amsmath, use the `?' option.
("C:\Program Files (x86)\MiKTeX 2.9\tex\latex\amsmath\amstext.sty"
Package: amstext 2000/06/29 v2.01

("C:\Program Files (x86)\MiKTeX 2.9\tex\latex\amsmath\amsgen.sty"
File: amsgen.sty 1999/11/30 v2.0
\@emptytoks=\toks16
\ex@=\dimen110
))
("C:\Program Files (x86)\MiKTeX 2.9\tex\latex\amsmath\amsbsy.sty"
Package: amsbsy 1999/11/29 v1.2d
\pmbraise@=\dimen111
)
("C:\Program Files (x86)\MiKTeX 2.9\tex\latex\amsmath\amsopn.sty"
Package: amsopn 1999/12/14 v2.01 operator names
)
\inf@bad=\count93
LaTeX Info: Redefining \frac on input line 210.
\uproot@=\count94
\leftroot@=\count95
LaTeX Info: Redefining \overline on input line 306.
\classnum@=\count96
\DOTSCASE@=\count97
LaTeX Info: Redefining \ldots on input line 378.
LaTeX Info: Redefining \dots on input line 381.
LaTeX Info: Redefining \cdots on input line 466.
\Mathstrutbox@=\box26
\strutbox@=\box27
\big@size=\dimen112
LaTeX Font Info:    Redeclaring font encoding OML on input line 566.
LaTeX Font Info:    Redeclaring font encoding OMS on input line 567.
\macc@depth=\count98
\c@MaxMatrixCols=\count99
\dotsspace@=\muskip10
\c@parentequation=\count100
\dspbrk@lvl=\count101
\tag@help=\toks17
\row@=\count102
\column@=\count103
\maxfields@=\count104
\andhelp@=\toks18
\eqnshift@=\dimen113
\alignsep@=\dimen114
\tagshift@=\dimen115
\tagwidth@=\dimen116
\totwidth@=\dimen117
\lineht@=\dimen118
\@envbody=\toks19
\multlinegap=\skip50
\multlinetaggap=\skip51
\mathdisplay@stack=\toks20
LaTeX Info: Redefining \[ on input line 2665.
LaTeX Info: Redefining \] on input line 2666.
)
("C:\Program Files (x86)\MiKTeX 2.9\tex\latex\amsfonts\amssymb.sty"
Package: amssymb 2013/01/14 v3.01 AMS font symbols
)
("C:\Program Files (x86)\MiKTeX 2.9\tex\latex\ntheorem\ntheorem.sty"
Style `ntheorem', Version 1.33 <2011/08/15>
Package: ntheorem 2011/08/15 1.33
("C:\Program Files (x86)\MiKTeX 2.9\tex\latex\base\ifthen.sty"
Package: ifthen 2001/05/26 v1.1c Standard LaTeX ifthen package (DPC)
)
\theorem@style=\toks21
\theorem@@style=\toks22
\theorembodyfont=\toks23
\theoremnumbering=\toks24
\theorempreskipamount=\skip52
\theorempostskipamount=\skip53
\theoremframepreskipamount=\skip54
\theoremframepostskipamount=\skip55
\theoreminframepreskipamount=\skip56
\theoreminframepostskipamount=\skip57
\theorem@preskip=\toks25
\theorem@postskip=\toks26
\theorem@framepreskip=\toks27
\theorem@framepostskip=\toks28
\theorem@inframepreskip=\toks29
\theorem@inframepostskip=\toks30
\theoremindent=\dimen119
\theorem@indent=\dimen120
\theoremrightindent=\dimen121
\theorem@rightindent=\dimen122
\theoremheaderfont=\toks31
\theoremseparator=\toks32
\theoremprework=\toks33
\theorempostwork=\toks34
\theoremsymbol=\toks35
\qedsymbol=\toks36
\theoremkeyword=\toks37
\qedsymbol=\toks38
\thm@topsep=\skip58
\thm@topsepadd=\skip59
Package ntheorem Info: Option `thmmarks' loaded on input line 1175.
\c@endNonectr=\count105
\c@currNonectr=\count106
\mysavskip=\skip60
Package ntheorem Info: option `amsmath' handling for `thmmarks' loaded on input
 line 1175.
\thm@amstmpdepth=\dimen123
\tagwidth=\dimen124
)
("C:\Program Files (x86)\MiKTeX 2.9\tex\latex\boxedminipage\boxedminipage.sty")
("C:\Program Files (x86)\MiKTeX 2.9\tex\latex\geometry\geometry.sty"
Package: geometry 2010/09/12 v5.6 Page Geometry

("C:\Program Files (x86)\MiKTeX 2.9\tex\generic\oberdiek\ifpdf.sty"
Package: ifpdf 2011/01/30 v2.3 Provides the ifpdf switch (HO)
Package ifpdf Info: pdfTeX in PDF mode is not detected.
)
("C:\Program Files (x86)\MiKTeX 2.9\tex\generic\oberdiek\ifvtex.sty"
Package: ifvtex 2010/03/01 v1.5 Detect VTeX and its facilities (HO)
Package ifvtex Info: VTeX not detected.
)
("C:\Program Files (x86)\MiKTeX 2.9\tex\generic\ifxetex\ifxetex.sty"
Package: ifxetex 2010/09/12 v0.6 Provides ifxetex conditional
)
\Gm@cnth=\count107
\Gm@cntv=\count108
\c@Gm@tempcnt=\count109
\Gm@bindingoffset=\dimen125
\Gm@wd@mp=\dimen126
\Gm@odd@mp=\dimen127
\Gm@even@mp=\dimen128
\Gm@layoutwidth=\dimen129
\Gm@layoutheight=\dimen130
\Gm@layouthoffset=\dimen131
\Gm@layoutvoffset=\dimen132
\Gm@dimlist=\toks39

("C:\Program Files (x86)\MiKTeX 2.9\tex\latex\geometry\geometry.cfg"))
("C:\Program Files (x86)\MiKTeX 2.9\tex\latex\tools\theorem.sty")
("C:\Program Files (x86)\MiKTeX 2.9\tex\latex\fancybox\fancybox.sty"
Package: fancybox 2010/05/15 1.4

Style option: `fancybox' v1.4 <2010/05/15> (tvz)
\@fancybox=\box28
\shadowsize=\dimen133
\@Sbox=\box29
\do@VerbBox=\toks40
\the@fancyput=\toks41
\this@fancyput=\toks42
\EndVerbatimTokens=\toks43
\Verbatim@Outfile=\write3
\Verbatim@Infile=\read1
) ("C:\Program Files (x86)\MiKTeX 2.9\tex\latex\fancyhdr\fancyhdr.sty"
\fancy@headwidth=\skip61
\f@ncyO@elh=\skip62
\f@ncyO@erh=\skip63
\f@ncyO@olh=\skip64
\f@ncyO@orh=\skip65
\f@ncyO@elf=\skip66
\f@ncyO@erf=\skip67
\f@ncyO@olf=\skip68
\f@ncyO@orf=\skip69
)
("C:\Program Files (x86)\MiKTeX 2.9\tex\latex\url\url.sty"
\Urlmuskip=\muskip11
Package: url 2013/09/16  ver 3.4  Verb mode for urls, etc.
)
("C:\Program Files (x86)\MiKTeX 2.9\tex\latex\tools\afterpage.sty"
Package: afterpage 1995/10/27 v1.08 After-Page Package (DPC)
\AP@output=\toks44
\AP@partial=\box30
\AP@footins=\box31
)
("C:\Program Files (x86)\MiKTeX 2.9\tex\latex\graphics\color.sty"
Package: color 2014/04/23 v1.1a Standard LaTeX Color (DPC)

("C:\Program Files (x86)\MiKTeX 2.9\tex\latex\00miktex\color.cfg"
File: color.cfg 2007/01/18 v1.5 color configuration of teTeX/TeXLive
)
Package color Info: Driver file: dvips.def on input line 137.

("C:\Program Files (x86)\MiKTeX 2.9\tex\latex\graphics\dvipsnam.def"
File: dvipsnam.def 2014/04/23 v3.0j Driver-dependant file (DPC,SPQR)
))
("C:\Program Files (x86)\MiKTeX 2.9\tex\latex\colortbl\colortbl.sty"
Package: colortbl 2012/02/13 v1.0a Color table columns (DPC)

("C:\Program Files (x86)\MiKTeX 2.9\tex\latex\tools\array.sty"
Package: array 2008/09/09 v2.4c Tabular extension package (FMi)
\col@sep=\dimen134
\extrarowheight=\dimen135
\NC@list=\toks45
\extratabsurround=\skip70
\backup@length=\skip71
)
\everycr=\toks46
\minrowclearance=\skip72
)
(D:\Eduardo\toolboxes\localtexmf\tex\latex\rotating\rotating.sty
Package: rotating 1997/09/26 v2.13 Rotation package
\c@r@tfl@t=\count110
\rot@float@box=\box32
)
("C:\Program Files (x86)\MiKTeX 2.9\tex\latex\base\makeidx.sty"
Package: makeidx 2000/03/29 v1.0m Standard LaTeX package
)
("C:\Program Files (x86)\MiKTeX 2.9\tex\latex\tools\indentfirst.sty"
Package: indentfirst 1995/11/23 v1.03 Indent first paragraph (DPC)
)
(D:\Eduardo\UnB\Orientacoes\templates\tex_templates\modelo-tcc-tg\modelo-latex\
ft2unb.sty
Package: ft2unb 2006/03/19 v1.0
 (D:\Eduardo\toolboxes\localtexmf\tex\latex\poster\eso-pic.sty
Package: eso-pic 1998/07/11 v0.5 eso-pic -- extension to `everyshi' (RN)

(D:\Eduardo\toolboxes\localtexmf\tex\latex\poster\everyshi.sty
Package: everyshi 1998/08/09 v2.02 EveryShipout Package (MS)
)))
\@indexfile=\write4

Writing index file principal_relatorio.idx

(D:\Eduardo\UnB\Orientacoes\templates\tex_templates\modelo-tcc-tg\modelo-latex\
principal_relatorio.aux
(D:\Eduardo\UnB\Orientacoes\templates\tex_templates\modelo-tcc-tg\modelo-latex\
resumos.aux)
(D:\Eduardo\UnB\Orientacoes\templates\tex_templates\modelo-tcc-tg\modelo-latex\
simbolos.aux)
(D:\Eduardo\UnB\Orientacoes\templates\tex_templates\modelo-tcc-tg\modelo-latex\
cap_Introducao.aux)
(D:\Eduardo\UnB\Orientacoes\templates\tex_templates\modelo-tcc-tg\modelo-latex\
cap_RevisaoBibliografica.aux)
(D:\Eduardo\UnB\Orientacoes\templates\tex_templates\modelo-tcc-tg\modelo-latex\
cap_Desenvolvimento.aux)
(D:\Eduardo\UnB\Orientacoes\templates\tex_templates\modelo-tcc-tg\modelo-latex\
cap_Experimentos.aux)
(D:\Eduardo\UnB\Orientacoes\templates\tex_templates\modelo-tcc-tg\modelo-latex\
cap_Conclusoes.aux)
(D:\Eduardo\UnB\Orientacoes\templates\tex_templates\modelo-tcc-tg\modelo-latex\
anexo_Esquematicos.aux)
(D:\Eduardo\UnB\Orientacoes\templates\tex_templates\modelo-tcc-tg\modelo-latex\
anexo_CD.aux))
LaTeX Font Info:    Checking defaults for OML/cmm/m/it on input line 48.
LaTeX Font Info:    ... okay on input line 48.
LaTeX Font Info:    Checking defaults for T1/cmr/m/n on input line 48.
LaTeX Font Info:    ... okay on input line 48.
LaTeX Font Info:    Checking defaults for OT1/cmr/m/n on input line 48.
LaTeX Font Info:    ... okay on input line 48.
LaTeX Font Info:    Checking defaults for OMS/cmsy/m/n on input line 48.
LaTeX Font Info:    ... okay on input line 48.
LaTeX Font Info:    Checking defaults for OMX/cmex/m/n on input line 48.
LaTeX Font Info:    ... okay on input line 48.
LaTeX Font Info:    Checking defaults for U/cmr/m/n on input line 48.
LaTeX Font Info:    ... okay on input line 48.

*geometry* driver: auto-detecting
*geometry* detected driver: dvips
*geometry* verbose mode - [ preamble ] result:
* driver: dvips
* paper: a4paper
* layout: <same size as paper>
* layoutoffset:(h,v)=(0.0pt,0.0pt)
* modes: 
* h-part:(L,W,R)=(66.57935pt, 464.34918pt, 66.57935pt)
* v-part:(T,H,B)=(56.9055pt, 686.7347pt, 101.40665pt)
* \paperwidth=597.50787pt
* \paperheight=845.04684pt
* \textwidth=464.34918pt
* \textheight=686.7347pt
* \oddsidemargin=-5.69046pt
* \evensidemargin=-5.69046pt
* \topmargin=-41.81825pt
* \headheight=12.0pt
* \headsep=14.45377pt
* \topskip=11.0pt
* \footskip=50.58878pt
* \marginparwidth=53.0pt
* \marginparsep=7.0pt
* \columnsep=10.0pt
* \skip\footins=10.0pt plus 4.0pt minus 2.0pt
* \hoffset=0.0pt
* \voffset=0.0pt
* \mag=1000
* \@twocolumnfalse
* \@twosidefalse
* \@mparswitchfalse
* \@reversemarginfalse
* (1in=72.27pt=25.4mm, 1cm=28.453pt)

LaTeX Font Info:    Try loading font information for U+msa on input line 103.
("C:\Program Files (x86)\MiKTeX 2.9\tex\latex\amsfonts\umsa.fd"
File: umsa.fd 2013/01/14 v3.01 AMS symbols A
)
LaTeX Font Info:    Try loading font information for U+msb on input line 103.

("C:\Program Files (x86)\MiKTeX 2.9\tex\latex\amsfonts\umsb.fd"
File: umsb.fd 2013/01/14 v3.01 AMS symbols B
)
File: figs/capa_fundo.eps Graphic file (type eps)

<figs/capa_fundo.eps> [1


] [1

] [1


] [1

]
(D:\Eduardo\UnB\Orientacoes\templates\tex_templates\modelo-tcc-tg\modelo-latex\
resumos.tex) [1

]
(D:\Eduardo\UnB\Orientacoes\templates\tex_templates\modelo-tcc-tg\modelo-latex\
principal_relatorio.toc)
\tf@toc=\write5
 [2


]
(D:\Eduardo\UnB\Orientacoes\templates\tex_templates\modelo-tcc-tg\modelo-latex\
principal_relatorio.lof)
\tf@lof=\write6
 [3

]
(D:\Eduardo\UnB\Orientacoes\templates\tex_templates\modelo-tcc-tg\modelo-latex\
principal_relatorio.lot)
\tf@lot=\write7
 [4

]
(D:\Eduardo\UnB\Orientacoes\templates\tex_templates\modelo-tcc-tg\modelo-latex\
simbolos.tex) [5


] [6]
(D:\Eduardo\UnB\Orientacoes\templates\tex_templates\modelo-tcc-tg\modelo-latex\
cap_Introducao.tex
Cap\'{\i }tulo 1.
) [1




]
(D:\Eduardo\UnB\Orientacoes\templates\tex_templates\modelo-tcc-tg\modelo-latex\
cap_RevisaoBibliografica.tex
Cap\'{\i }tulo 2.
File: figs/atuador_malha_de_controle.eps Graphic file (type eps)
<figs/atuador_malha_de_controle.eps>
LaTeX Font Info:    Try loading font information for T1+cmtt on input line 27.

("C:\Program Files (x86)\MiKTeX 2.9\tex\latex\base\t1cmtt.fd"
File: t1cmtt.fd 1999/05/25 v2.5h Standard LaTeX font definitions
) [2



]
File: figs/atuador_classe_B.eps Graphic file (type eps)

<figs/atuador_classe_B.eps>
File: figs/atuador_classe_AB.eps Graphic file (type eps)
 <figs/atuador_classe_AB.eps>
File: figs/atuador_classe_AB_multVBE.eps Graphic file (type eps)

<figs/atuador_classe_AB_multVBE.eps>) [3] [4]
(D:\Eduardo\UnB\Orientacoes\templates\tex_templates\modelo-tcc-tg\modelo-latex\
cap_Desenvolvimento.tex
Cap\'{\i }tulo 3.
[5



]) [6]
(D:\Eduardo\UnB\Orientacoes\templates\tex_templates\modelo-tcc-tg\modelo-latex\
cap_Experimentos.tex
Cap\'{\i }tulo 4.
) [7



] [8]
(D:\Eduardo\UnB\Orientacoes\templates\tex_templates\modelo-tcc-tg\modelo-latex\
cap_Conclusoes.tex
Cap\'{\i }tulo 5.
) [9



]
(D:\Eduardo\UnB\Orientacoes\templates\tex_templates\modelo-tcc-tg\modelo-latex\
principal_relatorio.bbl) [10


]
\c@noAnexo=\count111
 [11

]
(D:\Eduardo\UnB\Orientacoes\templates\tex_templates\modelo-tcc-tg\modelo-latex\
anexo_Esquematicos.tex
ANEXO I.
) [12


]
(D:\Eduardo\UnB\Orientacoes\templates\tex_templates\modelo-tcc-tg\modelo-latex\
anexo_CD.tex
ANEXO II.
) [13



]
\tf@thm=\write8

(D:\Eduardo\UnB\Orientacoes\templates\tex_templates\modelo-tcc-tg\modelo-latex\
principal_relatorio.aux
(D:\Eduardo\UnB\Orientacoes\templates\tex_templates\modelo-tcc-tg\modelo-latex\
resumos.aux)
(D:\Eduardo\UnB\Orientacoes\templates\tex_templates\modelo-tcc-tg\modelo-latex\
simbolos.aux)
(D:\Eduardo\UnB\Orientacoes\templates\tex_templates\modelo-tcc-tg\modelo-latex\
cap_Introducao.aux)
(D:\Eduardo\UnB\Orientacoes\templates\tex_templates\modelo-tcc-tg\modelo-latex\
cap_RevisaoBibliografica.aux)
(D:\Eduardo\UnB\Orientacoes\templates\tex_templates\modelo-tcc-tg\modelo-latex\
cap_Desenvolvimento.aux)
(D:\Eduardo\UnB\Orientacoes\templates\tex_templates\modelo-tcc-tg\modelo-latex\
cap_Experimentos.aux)
(D:\Eduardo\UnB\Orientacoes\templates\tex_templates\modelo-tcc-tg\modelo-latex\
cap_Conclusoes.aux)
(D:\Eduardo\UnB\Orientacoes\templates\tex_templates\modelo-tcc-tg\modelo-latex\
anexo_Esquematicos.aux)
(D:\Eduardo\UnB\Orientacoes\templates\tex_templates\modelo-tcc-tg\modelo-latex\
anexo_CD.aux)) ) 
Here is how much of TeX's memory you used:
 4024 strings out of 493922
 57974 string characters out of 3144893
 118571 words of memory out of 3000000
 7117 multiletter control sequences out of 15000+200000
 28383 words of font info for 72 fonts, out of 3000000 for 9000
 841 hyphenation exceptions out of 8191
 34i,12n,43p,856b,325s stack positions out of 5000i,500n,10000p,200000b,50000s

Output written on principal_relatorio.dvi (23 pages, 36844 bytes).
