This is e-TeX, Version 3.141592-2.1 (MiKTeX 2.4) (preloaded format=latex 2006.9.11)  10 APR 2007 18:15
entering extended mode
**relatorio.tex
(relatorio.tex
LaTeX2e <2001/06/01>
Babel <v3.7m> and hyphenation patterns for english, french, german, ngerman, po
rtuguese, dumylang, nohyphenation, loaded.
(C:\texmf\tex\latex\base\book.cls
Document Class: book 2001/04/21 v1.4e Standard LaTeX document class
(C:\texmf\tex\latex\base\bk11.clo
File: bk11.clo 2001/04/21 v1.4e Standard LaTeX file (size option)
)
\c@part=\count79
\c@chapter=\count80
\c@section=\count81
\c@subsection=\count82
\c@subsubsection=\count83
\c@paragraph=\count84
\c@subparagraph=\count85
\c@figure=\count86
\c@table=\count87
\abovecaptionskip=\skip41
\belowcaptionskip=\skip42
\bibindent=\dimen102
) (C:\texmf\tex\latex\base\fontenc.sty
Package: fontenc 2001/06/05 v1.94 Standard LaTeX package

(C:\texmf\tex\latex\base\t1enc.def
File: t1enc.def 2001/06/05 v1.94 Standard LaTeX file
LaTeX Font Info:    Redeclaring font encoding T1 on input line 38.
)) (C:\texmf\tex\generic\babel\babel.sty
Package: babel 2003/11/16 v3.7m The Babel package

(C:\texmf\tex\generic\babel\portuges.ldf
Language: portuges 2003/05/23 v1.2p Portuguese support from the babel system
 (C:\texmf\tex\generic\babel\babel.def
File: babel.def 2003/11/16 v3.7m Babel common definitions
\babel@savecnt=\count88
\U@D=\dimen103
)
\l@brazilian = a dialect from \language\l@portuges 
Package babel Info: Making " an active character on input line 126.
)) (C:\texmf\tex\latex\graphics\epsfig.sty
Package: epsfig 1999/02/16 v1.7a (e)psfig emulation (SPQR)

(C:\texmf\tex\latex\graphics\graphicx.sty
Package: graphicx 1999/02/16 v1.0f Enhanced LaTeX Graphics (DPC,SPQR)

(C:\texmf\tex\latex\graphics\keyval.sty
Package: keyval 1999/03/16 v1.13 key=value parser (DPC)
\KV@toks@=\toks14
)
(C:\texmf\tex\latex\graphics\graphics.sty
Package: graphics 2001/07/07 v1.0n Standard LaTeX Graphics (DPC,SPQR)
 (C:\texmf\tex\latex\graphics\trig.sty
Package: trig 1999/03/16 v1.09 sin cos tan (DPC)
) (C:\texmf\tex\latex\00miktex\graphics.cfg
File: graphics.cfg 2003/03/12 v1.1 MiKTeX 'graphics' configuration
)
Package graphics Info: Driver file: dvips.def on input line 80.

(C:\texmf\tex\latex\graphics\dvips.def
File: dvips.def 1999/02/16 v3.0i Driver-dependant file (DPC,SPQR)
))
\Gin@req@height=\dimen104
\Gin@req@width=\dimen105
)
\epsfxsize=\dimen106
\epsfysize=\dimen107
)
(C:\texmf\tex\latex\subfigure\subfigure.sty
Package: subfigure 2002/07/30 v2.1.4 subfigure package
\subfigtopskip=\skip43
\subfigcapskip=\skip44
\subfigcaptopadj=\dimen108
\subfigbottomskip=\skip45
\subfigcapmargin=\dimen109
\subfiglabelskip=\skip46
\c@subfigure=\count89
\c@lofdepth=\count90
\c@subtable=\count91
\c@lotdepth=\count92

****************************************
* Local config file subfigure.cfg used *
****************************************
(C:\texmf\tex\latex\subfigure\subfigure.cfg)
\subfig@top=\skip47
\subfig@bottom=\skip48
)
(C:\texmf\tex\latex\amsfonts\amsfonts.sty
Package: amsfonts 2001/10/25 v2.2f
\@emptytoks=\toks15
\symAMSa=\mathgroup4
\symAMSb=\mathgroup5
LaTeX Font Info:    Overwriting math alphabet `\mathfrak' in version `bold'
(Font)                  U/euf/m/n --> U/euf/b/n on input line 132.
)
(C:\texmf\tex\latex\amsmath\amsmath.sty
Package: amsmath 2000/07/18 v2.13 AMS math features
\@mathmargin=\skip49

For additional information on amsmath, use the `?' option.
(C:\texmf\tex\latex\amsmath\amstext.sty
Package: amstext 2000/06/29 v2.01
 (C:\texmf\tex\latex\amsmath\amsgen.sty
File: amsgen.sty 1999/11/30 v2.0
\@emptytoks=\toks16
\ex@=\dimen110
)) (C:\texmf\tex\latex\amsmath\amsbsy.sty
Package: amsbsy 1999/11/29 v1.2d
\pmbraise@=\dimen111
)
(C:\texmf\tex\latex\amsmath\amsopn.sty
Package: amsopn 1999/12/14 v2.01 operator names
)
\inf@bad=\count93
LaTeX Info: Redefining \frac on input line 211.
\uproot@=\count94
\leftroot@=\count95
LaTeX Info: Redefining \overline on input line 307.
\classnum@=\count96
\DOTSCASE@=\count97
LaTeX Info: Redefining \ldots on input line 379.
LaTeX Info: Redefining \dots on input line 382.
LaTeX Info: Redefining \cdots on input line 467.
\Mathstrutbox@=\box26
\strutbox@=\box27
\big@size=\dimen112
LaTeX Font Info:    Redeclaring font encoding OML on input line 567.
LaTeX Font Info:    Redeclaring font encoding OMS on input line 568.
\macc@depth=\count98
\c@MaxMatrixCols=\count99
\dotsspace@=\muskip10
\c@parentequation=\count100
\dspbrk@lvl=\count101
\tag@help=\toks17
\row@=\count102
\column@=\count103
\maxfields@=\count104
\andhelp@=\toks18
\eqnshift@=\dimen113
\alignsep@=\dimen114
\tagshift@=\dimen115
\tagwidth@=\dimen116
\totwidth@=\dimen117
\lineht@=\dimen118
\@envbody=\toks19
\multlinegap=\skip50
\multlinetaggap=\skip51
\mathdisplay@stack=\toks20
LaTeX Info: Redefining \[ on input line 2666.
LaTeX Info: Redefining \] on input line 2667.
)
(C:\texmf\tex\latex\amsfonts\amssymb.sty
Package: amssymb 2002/01/22 v2.2d
)
(C:\texmf\tex\latex\ntheorem\ntheorem.sty
Style `ntheorem', Version 1.203 <2002/01/07>
Package: ntheorem 2002/01/07 1.203
\theorem@style=\toks21
\theorem@@style=\toks22
\theorembodyfont=\toks23
\theoremnumbering=\toks24
\theorempreskipamount=\skip52
\theorempostskipamount=\skip53
\theoremindent=\dimen119
\theorem@indent=\dimen120
\theoremheaderfont=\toks25
\theoremseparator=\toks26
\theoremsymbol=\toks27
\qedsymbol=\toks28
\theoremkeyword=\toks29
\qedsymbol=\toks30
\thm@topsepadd=\skip54
Package ntheorem Info: Option `thmmarks' loaded on input line 975.
\c@endNonectr=\count105
\c@currNonectr=\count106
\mysavskip=\skip55
Package ntheorem Info: option `amsmath' handling for `thmmarks' loaded on input
 line 975.
\thm@amstmpdepth=\dimen121
) (C:\texmf\tex\latex\ltxmisc\boxedminipage.sty)
(C:\texmf\tex\latex\geometry\geometry.sty
Package: geometry 2002/07/08 v3.2 Page Geometry
\Gm@cnth=\count107
\Gm@cntv=\count108
\c@Gm@tempcnt=\count109
\Gm@bindingoffset=\dimen122
\Gm@wd@mp=\dimen123
\Gm@odd@mp=\dimen124
\Gm@even@mp=\dimen125
\Gm@dimlist=\toks31

(C:\texmf\tex\latex\geometry\geometry.cfg))
(C:\texmf\tex\latex\tools\theorem.sty)
(C:\texmf\tex\latex\fancybox\fancybox.sty
Package: fancybox 2000/09/19 1.3

Style option: `fancybox' v1.3 <2000/09/19> (tvz)
\@fancybox=\box28
\shadowsize=\dimen126
\@Sbox=\box29
\do@VerbBox=\toks32
\the@fancyput=\toks33
\this@fancyput=\toks34
\EndVerbatimTokens=\toks35
\Verbatim@Outfile=\write3
\Verbatim@Infile=\read1
) (C:\texmf\tex\latex\fancyhdr\fancyhdr.sty
\headwidth=\dimen127
)
(C:\texmf\tex\latex\base\ifthen.sty
Package: ifthen 2001/05/26 v1.1c Standard LaTeX ifthen package (DPC)
) (C:\texmf\tex\latex\ltxmisc\url.sty
\Urlmuskip=\muskip11
Package: url 2003/11/24  ver 3.0  Verb mode for urls, etc.
)
(C:\texmf\tex\latex\tools\afterpage.sty
Package: afterpage 1995/10/27 v1.08 After-Page Package (DPC)
\AP@output=\toks36
\AP@partial=\box30
\AP@footins=\box31
) (C:\texmf\tex\latex\graphics\color.sty
Package: color 1999/02/16 v1.0i Standard LaTeX Color (DPC)
(C:\texmf\tex\latex\00miktex\color.cfg
File: color.cfg 2003/03/08 v1.0 MiKTeX 'color' configuration
)
Package color Info: Driver file: dvips.def on input line 125.

(C:\texmf\tex\latex\graphics\dvipsnam.def
File: dvipsnam.def 1999/02/16 v3.0i Driver-dependant file (DPC,SPQR)
))
(C:\texmf\tex\latex\carlisle\colortbl.sty
Package: colortbl 2001/02/13 v0.1j Color table columns (DPC)
 (C:\texmf\tex\latex\tools\array.sty
Package: array 1998/05/13 v2.3m Tabular extension package (FMi)
\col@sep=\dimen128
\extrarowheight=\dimen129
\NC@list=\toks37
\extratabsurround=\skip56
\backup@length=\skip57
)
\everycr=\toks38
\minrowclearance=\skip58
) (C:\texmf\tex\latex\rotating\rotating.sty
Package: rotating 1997/09/26 v2.13 Rotation package
\c@r@tfl@t=\count110
\rot@float@box=\box32
)
(C:\texmf\tex\latex\base\makeidx.sty
Package: makeidx 2000/03/29 v1.0m Standard LaTeX package
) (C:\texmf\tex\latex\tools\indentfirst.sty
Package: indentfirst 1995/11/23 v1.03 Indent first paragraph (DPC)
) (ft2unb.sty
Package: ft2unb 2006/03/19 v1.0
 (C:\texmf\tex\latex\eso-pic\eso-pic.sty
Package: eso-pic 2002/11/16 v1.1b eso-pic (RN)

(C:\texmf\tex\latex\ms\everyshi.sty
Package: everyshi 2001/05/15 v3.00 EveryShipout Package (MS)
)))
\@indexfile=\write4

Writing index file relatorio.idx
(relatorio.aux (resumos.aux) (simbolos.aux) (cap_Introducao.aux)
(cap_RevisaoBibliografica.aux) (cap_Desenvolvimento.aux) (cap_Experimentos.aux)
(cap_Conclusoes.aux) (anexo_Esquematicos.aux) (anexo_CD.aux))
LaTeX Font Info:    Checking defaults for OML/cmm/m/it on input line 47.
LaTeX Font Info:    ... okay on input line 47.
LaTeX Font Info:    Checking defaults for T1/cmr/m/n on input line 47.
LaTeX Font Info:    ... okay on input line 47.
LaTeX Font Info:    Checking defaults for OT1/cmr/m/n on input line 47.
LaTeX Font Info:    ... okay on input line 47.
LaTeX Font Info:    Checking defaults for OMS/cmsy/m/n on input line 47.
LaTeX Font Info:    ... okay on input line 47.
LaTeX Font Info:    Checking defaults for OMX/cmex/m/n on input line 47.
LaTeX Font Info:    ... okay on input line 47.
LaTeX Font Info:    Checking defaults for U/cmr/m/n on input line 47.
LaTeX Font Info:    ... okay on input line 47.
-------------------- Geometry parameters
paper: a4paper
landscape: --
twocolumn: --
twoside: --
asymmetric: --
h-parts: 66.57935pt, 464.34918pt, 66.57935pt
v-parts: 56.9055pt, 702.7831pt, 85.35825pt
hmarginratio: 1:1
vmarginratio: 2:3
lines: --
heightrounded: --
bindingoffset: 0.0pt
truedimen: --
includehead: --
includefoot: --
includemp: --
driver: 
-------------------- Page layout dimensions and switches
\paperwidth  597.50787pt
\paperheight 845.04684pt
\textwidth  464.34918pt
\textheight 702.7831pt
\oddsidemargin  -5.69046pt
\evensidemargin -5.69046pt
\topmargin  -41.81825pt
\headheight 12.0pt
\headsep    14.45377pt
\footskip   50.58878pt
\marginparwidth 53.0pt
\marginparsep   7.0pt
\columnsep  10.0pt
\skip\footins  10.0pt plus 4.0pt minus 2.0pt
\hoffset 0.0pt
\voffset 0.0pt
\mag 1000

(1in=72.27pt, 1cm=28.45pt)
-----------------------

ABD: EveryShipout initializing macros
LaTeX Font Info:    Try loading font information for U+msa on input line 102.
 (C:\texmf\tex\latex\amsfonts\umsa.fd
File: umsa.fd 2002/01/19 v2.2g AMS font definitions
)
LaTeX Font Info:    Try loading font information for U+msb on input line 102.

(C:\texmf\tex\latex\amsfonts\umsb.fd
File: umsb.fd 2002/01/19 v2.2g AMS font definitions
)
File: figs/capa_fundo.eps Graphic file (type eps)
 <figs/capa_fundo.eps> [1


] [1

] [1


]
[1

] (resumos.tex) [1

] (relatorio.toc)
\tf@toc=\write5
 [2


] (relatorio.lof)
\tf@lof=\write6
 [3

] (relatorio.lot)
\tf@lot=\write7

[4

] (simbolos.tex) [5


] (cap_Introducao.tex
Cap\'{\i }tulo 1.
) [1




] (cap_RevisaoBibliografica.tex
Cap\'{\i }tulo 2.
File: figs/atuador_malha_de_controle.eps Graphic file (type eps)
<figs/atuador_malha_de_controle.eps>
LaTeX Font Info:    Try loading font information for T1+cmtt on input line 27.
 (C:\texmf\tex\latex\base\t1cmtt.fd
File: t1cmtt.fd 1999/05/25 v2.5h Standard LaTeX font definitions
)
[2



]
File: figs/atuador_classe_B.eps Graphic file (type eps)
 <figs/atuador_classe_B.eps>
File: figs/atuador_classe_AB.eps Graphic file (type eps)
 <figs/atuador_classe_AB.eps>
File: figs/atuador_classe_AB_multVBE.eps Graphic file (type eps)

<figs/atuador_classe_AB_multVBE.eps>) [3] [4] (cap_Desenvolvimento.tex
Cap\'{\i }tulo 3.
[5



]) [6] (cap_Experimentos.tex
Cap\'{\i }tulo 4.
) [7



] [8] (cap_Conclusoes.tex
Cap\'{\i }tulo 5.
) [9



] (relatorio.bbl) [10


]
\c@noAnexo=\count111
 [11

] (anexo_Esquematicos.tex
ANEXO I.
) [12


] (anexo_CD.tex
ANEXO II.
) [13



]
\tf@thm=\write8
 (relatorio.aux (resumos.aux) (simbolos.aux) (cap_Introducao.aux)
(cap_RevisaoBibliografica.aux) (cap_Desenvolvimento.aux) (cap_Experimentos.aux)
(cap_Conclusoes.aux) (anexo_Esquematicos.aux) (anexo_CD.aux)) ) 
Here is how much of TeX's memory you used:
 4119 strings out of 95915
 46812 string characters out of 1195417
 107214 words of memory out of 1106644
 6636 multiletter control sequences out of 35000
 28401 words of font info for 72 fonts, out of 500000 for 1000
 16 hyphenation exceptions out of 607
 34i,12n,43p,846b,323s stack positions out of 1500i,500n,5000p,200000b,32768s

Output written on relatorio.dvi (22 pages, 39328 bytes).
